-------------------------------------------------------------------------------
Test set: com.example.TesiIntegrazioneProgettoEsterno.Test_Hooks
-------------------------------------------------------------------------------
Tests run: 1, Failures: 0, Errors: 1, Skipped: 0, Time elapsed: 42.794 s <<< FAILURE! - in com.example.TesiIntegrazioneProgettoEsterno.Test_Hooks
test_loc_Hooks_release_1_1(com.example.TesiIntegrazioneProgettoEsterno.Test_Hooks)  Time elapsed: 42.789 s  <<< ERROR!
org.openqa.selenium.NoSuchElementException: 
no such element: Unable to locate element: {"method":"xpath","selector":"//*[@x448533202421-x-test-tpl-1]//*[@x448533202421-x-test-hook-29]//*[@x448624268039-x-test-tpl-3]//*[@x448624897747-x-test-tpl-2]//*[@x448542025239-x-test-tpl-1]//*[@x448542025239-x-test-hook-3]//*[@x448607117010-x-test-tpl-2]//*[@x448607117010-x-test-hook-7]"}
  (Session info: headless chrome=110.0.5481.100)
For documentation on this error, please visit: https://www.seleniumhq.org/exceptions/no_such_element.html
Build info: version: '4.0.0-alpha-3', revision: '8c567de6dc'
System info: host: 'fv-az574-491', ip: '10.1.0.52', os.name: 'Linux', os.arch: 'amd64', os.version: '5.15.0-1033-azure', java.version: '11.0.18'
Driver info: org.openqa.selenium.chrome.ChromeDriver
Capabilities {acceptInsecureCerts: false, browserName: chrome, browserVersion: 110.0.5481.100, chrome: {chromedriverVersion: 110.0.5481.77 (65ed616c6e8e..., userDataDir: /tmp/.com.google.Chrome.KOJZAD}, goog:chromeOptions: {debuggerAddress: localhost:40543}, javascriptEnabled: true, networkConnectionEnabled: false, pageLoadStrategy: normal, platform: LINUX, platformName: LINUX, proxy: Proxy(), setWindowRect: true, strictFileInteractability: false, timeouts: {implicit: 0, pageLoad: 300000, script: 30000}, unhandledPromptBehavior: dismiss and notify, webauthn:extension:credBlob: true, webauthn:extension:largeBlob: true, webauthn:virtualAuthenticators: true}
Session ID: 187b657ab555ba777a0bcb36259ba148
*** Element info: {Using=xpath, value=//*[@x448533202421-x-test-tpl-1]//*[@x448533202421-x-test-hook-29]//*[@x448624268039-x-test-tpl-3]//*[@x448624897747-x-test-tpl-2]//*[@x448542025239-x-test-tpl-1]//*[@x448542025239-x-test-hook-3]//*[@x448607117010-x-test-tpl-2]//*[@x448607117010-x-test-hook-7]}
	at com.example.TesiIntegrazioneProgettoEsterno.Test_Hooks.test_loc_Hooks_release_1_1(Test_Hooks.java:115)

