-------------------------------------------------------------------------------
Test set: com.example.TesiIntegrazioneProgettoEsterno.Test_Abs
-------------------------------------------------------------------------------
Tests run: 1, Failures: 0, Errors: 1, Skipped: 0, Time elapsed: 40.392 s <<< FAILURE! - in com.example.TesiIntegrazioneProgettoEsterno.Test_Abs
test_loc_Abs_release_1_1(com.example.TesiIntegrazioneProgettoEsterno.Test_Abs)  Time elapsed: 40.391 s  <<< ERROR!
org.openqa.selenium.NoSuchElementException: 
no such element: Unable to locate element: {"method":"xpath","selector":"//html[1]/body[1]/angular-spotify-root[1]/as-layout[1]/as-main-view[1]/div[2]/as-search[1]/div[1]/div[1]/as-input[1]/div[1]/input[1]"}
  (Session info: headless chrome=110.0.5481.100)
For documentation on this error, please visit: https://www.seleniumhq.org/exceptions/no_such_element.html
Build info: version: '4.0.0-alpha-3', revision: '8c567de6dc'
System info: host: 'fv-az842-606', ip: '10.1.0.157', os.name: 'Linux', os.arch: 'amd64', os.version: '5.15.0-1033-azure', java.version: '11.0.18'
Driver info: org.openqa.selenium.chrome.ChromeDriver
Capabilities {acceptInsecureCerts: false, browserName: chrome, browserVersion: 110.0.5481.100, chrome: {chromedriverVersion: 110.0.5481.77 (65ed616c6e8e..., userDataDir: /tmp/.com.google.Chrome.Ps1oBW}, goog:chromeOptions: {debuggerAddress: localhost:40163}, javascriptEnabled: true, networkConnectionEnabled: false, pageLoadStrategy: normal, platform: LINUX, platformName: LINUX, proxy: Proxy(), setWindowRect: true, strictFileInteractability: false, timeouts: {implicit: 0, pageLoad: 300000, script: 30000}, unhandledPromptBehavior: dismiss and notify, webauthn:extension:credBlob: true, webauthn:extension:largeBlob: true, webauthn:virtualAuthenticators: true}
Session ID: bce26c05fb73bbb1dd009978b90a7b95
*** Element info: {Using=xpath, value=//html[1]/body[1]/angular-spotify-root[1]/as-layout[1]/as-main-view[1]/div[2]/as-search[1]/div[1]/div[1]/as-input[1]/div[1]/input[1]}
	at com.example.TesiIntegrazioneProgettoEsterno.Test_Abs.test_loc_Abs_release_1_1(Test_Abs.java:110)

