-------------------------------------------------------------------------------
Test set: com.example.TesiIntegrazioneProgettoEsterno.Test_Rel
-------------------------------------------------------------------------------
Tests run: 1, Failures: 0, Errors: 1, Skipped: 0, Time elapsed: 40.916 s <<< FAILURE! - in com.example.TesiIntegrazioneProgettoEsterno.Test_Rel
test_loc_Rel_release_1_1(com.example.TesiIntegrazioneProgettoEsterno.Test_Rel)  Time elapsed: 40.916 s  <<< ERROR!
org.openqa.selenium.NoSuchElementException: 
no such element: Unable to locate element: {"method":"xpath","selector":"//div[1][@class='mb-8']/as-album-track[1]/as-media-table-row[1]/as-track-main-info[1]/div[2]/div[2]/a[1]"}
  (Session info: headless chrome=110.0.5481.100)
For documentation on this error, please visit: https://www.seleniumhq.org/exceptions/no_such_element.html
Build info: version: '4.0.0-alpha-3', revision: '8c567de6dc'
System info: host: 'fv-az571-592', ip: '10.1.1.28', os.name: 'Linux', os.arch: 'amd64', os.version: '5.15.0-1033-azure', java.version: '11.0.18'
Driver info: org.openqa.selenium.chrome.ChromeDriver
Capabilities {acceptInsecureCerts: false, browserName: chrome, browserVersion: 110.0.5481.100, chrome: {chromedriverVersion: 110.0.5481.77 (65ed616c6e8e..., userDataDir: /tmp/.com.google.Chrome.EpDTIY}, goog:chromeOptions: {debuggerAddress: localhost:38161}, javascriptEnabled: true, networkConnectionEnabled: false, pageLoadStrategy: normal, platform: LINUX, platformName: LINUX, proxy: Proxy(), setWindowRect: true, strictFileInteractability: false, timeouts: {implicit: 0, pageLoad: 300000, script: 30000}, unhandledPromptBehavior: dismiss and notify, webauthn:extension:credBlob: true, webauthn:extension:largeBlob: true, webauthn:virtualAuthenticators: true}
Session ID: 5d528422fc69006ed462bb0b9ca1360a
*** Element info: {Using=xpath, value=//div[1][@class='mb-8']/as-album-track[1]/as-media-table-row[1]/as-track-main-info[1]/div[2]/div[2]/a[1]}
	at com.example.TesiIntegrazioneProgettoEsterno.Test_Rel.test_loc_Rel_release_1_1(Test_Rel.java:112)

