-------------------------------------------------------------------------------
Test set: com.example.TesiIntegrazioneProgettoEsterno.Test_Rel
-------------------------------------------------------------------------------
Tests run: 1, Failures: 0, Errors: 1, Skipped: 0, Time elapsed: 104.331 s <<< FAILURE! - in com.example.TesiIntegrazioneProgettoEsterno.Test_Rel
test_loc_Rel_release_1_1(com.example.TesiIntegrazioneProgettoEsterno.Test_Rel)  Time elapsed: 104.331 s  <<< ERROR!
org.openqa.selenium.NoSuchElementException: 
no such element: Unable to locate element: {"method":"xpath","selector":"//a[1][normalize-space()='Search']"}
  (Session info: headless chrome=110.0.5481.100)
For documentation on this error, please visit: https://www.seleniumhq.org/exceptions/no_such_element.html
Build info: version: '4.0.0-alpha-3', revision: '8c567de6dc'
System info: host: 'fv-az436-387', ip: '10.1.0.27', os.name: 'Linux', os.arch: 'amd64', os.version: '5.15.0-1033-azure', java.version: '11.0.18'
Driver info: org.openqa.selenium.chrome.ChromeDriver
Capabilities {acceptInsecureCerts: false, browserName: chrome, browserVersion: 110.0.5481.100, chrome: {chromedriverVersion: 110.0.5481.77 (65ed616c6e8e..., userDataDir: /tmp/.com.google.Chrome.yrnZPP}, goog:chromeOptions: {debuggerAddress: localhost:39971}, javascriptEnabled: true, networkConnectionEnabled: false, pageLoadStrategy: normal, platform: LINUX, platformName: LINUX, proxy: Proxy(), setWindowRect: true, strictFileInteractability: false, timeouts: {implicit: 0, pageLoad: 300000, script: 30000}, unhandledPromptBehavior: dismiss and notify, webauthn:extension:credBlob: true, webauthn:extension:largeBlob: true, webauthn:virtualAuthenticators: true}
Session ID: 3b713709cd3e665699af454c055c82e2
*** Element info: {Using=xpath, value=//a[1][normalize-space()='Search']}
	at com.example.TesiIntegrazioneProgettoEsterno.Test_Rel.test_loc_Rel_release_1_1(Test_Rel.java:108)

