-------------------------------------------------------------------------------
Test set: com.example.TesiIntegrazioneProgettoEsterno.Test6Hook
-------------------------------------------------------------------------------
Tests run: 1, Failures: 0, Errors: 1, Skipped: 0, Time elapsed: 32.646 s <<< FAILURE! - in com.example.TesiIntegrazioneProgettoEsterno.Test6Hook
testHook_v_3_1(com.example.TesiIntegrazioneProgettoEsterno.Test6Hook)  Time elapsed: 32.646 s  <<< ERROR!
org.openqa.selenium.NoSuchElementException: 
no such element: Unable to locate element: {"method":"xpath","selector":"//*[@x448533202421-x-test-tpl-1]//*[@x448533202421-x-test-hook-29]//*[@x448624268039-x-test-tpl-1]//*[@x448627084077-x-test-tpl-6]//*[@x277063252156-x-test-tpl-2]//*[@x277063252156-x-test-hook-8]"}
  (Session info: headless chrome=104.0.5112.101)
  (Driver info: chromedriver=2.41.578700 (2f1ed5f9343c13f73144538f15c00b370eda6706),platform=Linux 5.15.0-1017-azure x86_64) (WARNING: The server did not provide any stacktrace information)
Command duration or timeout: 0 milliseconds
For documentation on this error, please visit: https://www.seleniumhq.org/exceptions/no_such_element.html
Build info: version: '4.0.0-alpha-3', revision: '8c567de6dc'
System info: host: 'fv-az243-90', ip: '10.1.0.11', os.name: 'Linux', os.arch: 'amd64', os.version: '5.15.0-1017-azure', java.version: '11.0.16.1'
Driver info: org.openqa.selenium.chrome.ChromeDriver
Capabilities {acceptInsecureCerts: false, acceptSslCerts: false, applicationCacheEnabled: false, browserConnectionEnabled: false, browserName: chrome, chrome: {chromedriverVersion: 2.41.578700 (2f1ed5f9343c13..., userDataDir: /tmp/.org.chromium.Chromium...}, cssSelectorsEnabled: true, databaseEnabled: false, goog:chromeOptions: {debuggerAddress: localhost:41725}, handlesAlerts: true, hasTouchScreen: false, javascriptEnabled: true, locationContextEnabled: true, mobileEmulationEnabled: false, nativeEvents: true, networkConnectionEnabled: false, pageLoadStrategy: normal, platform: LINUX, platformName: LINUX, rotatable: false, setWindowRect: true, takesHeapSnapshot: true, takesScreenshot: true, unexpectedAlertBehaviour: , unhandledPromptBehavior: , version: 104.0.5112.101, webStorageEnabled: true}
Session ID: 32e84a38ed88ff073ba9c108687e539d
*** Element info: {Using=xpath, value=//*[@x448533202421-x-test-tpl-1]//*[@x448533202421-x-test-hook-29]//*[@x448624268039-x-test-tpl-1]//*[@x448627084077-x-test-tpl-6]//*[@x277063252156-x-test-tpl-2]//*[@x277063252156-x-test-hook-8]}
	at com.example.TesiIntegrazioneProgettoEsterno.Test6Hook.testHook_v_3_1(Test6Hook.java:45)

