-------------------------------------------------------------------------------
Test set: com.example.TesiIntegrazioneProgettoEsterno.Test_myXPathHookRelativeTemplate
-------------------------------------------------------------------------------
Tests run: 1, Failures: 0, Errors: 1, Skipped: 0, Time elapsed: 33.531 s <<< FAILURE! - in com.example.TesiIntegrazioneProgettoEsterno.Test_myXPathHookRelativeTemplate
test_loc_myXPathHookRelativeTemplate_release_1_1(com.example.TesiIntegrazioneProgettoEsterno.Test_myXPathHookRelativeTemplate)  Time elapsed: 33.506 s  <<< ERROR!
org.openqa.selenium.NoSuchElementException: 
no such element: Unable to locate element: {"method":"xpath","selector":"//input[@id='login-username']"}
  (Session info: chrome-headless-shell=124.0.6367.60)
For documentation on this error, please visit: https://www.seleniumhq.org/exceptions/no_such_element.html
Build info: version: '4.0.0-alpha-3', revision: '8c567de6dc'
System info: host: 'fv-az525-581', ip: '10.1.0.89', os.name: 'Linux', os.arch: 'amd64', os.version: '6.5.0-1018-azure', java.version: '11.0.22'
Driver info: org.openqa.selenium.chrome.ChromeDriver
Capabilities {acceptInsecureCerts: false, browserName: chrome-headless-shell, browserVersion: 124.0.6367.60, chrome: {chromedriverVersion: 124.0.6367.91 (51df0e5e17a8..., userDataDir: /tmp/.org.chromium.Chromium...}, fedcm:accounts: true, goog:chromeOptions: {debuggerAddress: localhost:39807}, javascriptEnabled: true, networkConnectionEnabled: false, pageLoadStrategy: normal, platform: LINUX, platformName: LINUX, proxy: Proxy(), setWindowRect: true, strictFileInteractability: false, timeouts: {implicit: 0, pageLoad: 300000, script: 30000}, unhandledPromptBehavior: dismiss and notify, webauthn:extension:credBlob: true, webauthn:extension:largeBlob: true, webauthn:extension:minPinLength: true, webauthn:extension:prf: true, webauthn:virtualAuthenticators: true}
Session ID: 570578f89440b5f2ecdaa10295498347
*** Element info: {Using=xpath, value=//input[@id='login-username']}
	at com.example.TesiIntegrazioneProgettoEsterno.Test_myXPathHookRelativeTemplate.test_loc_myXPathHookRelativeTemplate_release_1_1(Test_myXPathHookRelativeTemplate.java:55)

