-------------------------------------------------------------------------------
Test set: com.example.TesiIntegrazioneProgettoEsterno.Test_Rel
-------------------------------------------------------------------------------
Tests run: 2, Failures: 0, Errors: 2, Skipped: 0, Time elapsed: 0.275 s <<< FAILURE! - in com.example.TesiIntegrazioneProgettoEsterno.Test_Rel
test_loc_Rel_release_1_1(com.example.TesiIntegrazioneProgettoEsterno.Test_Rel)  Time elapsed: 0.274 s  <<< ERROR!
org.openqa.selenium.SessionNotCreatedException: 
session not created: This version of ChromeDriver only supports Chrome version 114
Current browser version is 123.0.6312.105 with binary path /usr/bin/google-chrome
Build info: version: '4.0.0-alpha-3', revision: '8c567de6dc'
System info: host: 'fv-az775-183', ip: '10.1.0.179', os.name: 'Linux', os.arch: 'amd64', os.version: '6.5.0-1017-azure', java.version: '11.0.22'
Driver info: driver.version: ChromeDriver
remote stacktrace: #0 0x56305d2554e3 <unknown>
#1 0x56305cf84c76 <unknown>
#2 0x56305cfb204a <unknown>
#3 0x56305cfad4a1 <unknown>
#4 0x56305cfaa029 <unknown>
#5 0x56305cfe8ccc <unknown>
#6 0x56305cfe847f <unknown>
#7 0x56305cfdfde3 <unknown>
#8 0x56305cfb52dd <unknown>
#9 0x56305cfb634e <unknown>
#10 0x56305d2153e4 <unknown>
#11 0x56305d2193d7 <unknown>
#12 0x56305d223b20 <unknown>
#13 0x56305d21a023 <unknown>
#14 0x56305d1e81aa <unknown>
#15 0x56305d23e6b8 <unknown>
#16 0x56305d23e847 <unknown>
#17 0x56305d24e243 <unknown>
#18 0x7f8a43094ac3 <unknown>

	at com.example.TesiIntegrazioneProgettoEsterno.Test_Rel.setUp(Test_Rel.java:46)

test_loc_Rel_release_1_1(com.example.TesiIntegrazioneProgettoEsterno.Test_Rel)  Time elapsed: 0.274 s  <<< ERROR!
java.lang.NullPointerException
	at com.example.TesiIntegrazioneProgettoEsterno.Test_Rel.tearDown(Test_Rel.java:123)

