-------------------------------------------------------------------------------
Test set: com.example.TesiIntegrazioneProgettoEsterno.Test_Katalon
-------------------------------------------------------------------------------
Tests run: 2, Failures: 0, Errors: 2, Skipped: 0, Time elapsed: 0.347 s <<< FAILURE! - in com.example.TesiIntegrazioneProgettoEsterno.Test_Katalon
test_loc_Katalon_release_1_1(com.example.TesiIntegrazioneProgettoEsterno.Test_Katalon)  Time elapsed: 0.346 s  <<< ERROR!
org.openqa.selenium.SessionNotCreatedException: 
session not created: This version of ChromeDriver only supports Chrome version 114
Current browser version is 123.0.6312.105 with binary path /usr/bin/google-chrome
Build info: version: '4.0.0-alpha-3', revision: '8c567de6dc'
System info: host: 'fv-az711-63', ip: '10.1.0.222', os.name: 'Linux', os.arch: 'amd64', os.version: '6.5.0-1017-azure', java.version: '11.0.22'
Driver info: driver.version: ChromeDriver
remote stacktrace: #0 0x55b6d7ed34e3 <unknown>
#1 0x55b6d7c02c76 <unknown>
#2 0x55b6d7c3004a <unknown>
#3 0x55b6d7c2b4a1 <unknown>
#4 0x55b6d7c28029 <unknown>
#5 0x55b6d7c66ccc <unknown>
#6 0x55b6d7c6647f <unknown>
#7 0x55b6d7c5dde3 <unknown>
#8 0x55b6d7c332dd <unknown>
#9 0x55b6d7c3434e <unknown>
#10 0x55b6d7e933e4 <unknown>
#11 0x55b6d7e973d7 <unknown>
#12 0x55b6d7ea1b20 <unknown>
#13 0x55b6d7e98023 <unknown>
#14 0x55b6d7e661aa <unknown>
#15 0x55b6d7ebc6b8 <unknown>
#16 0x55b6d7ebc847 <unknown>
#17 0x55b6d7ecc243 <unknown>
#18 0x7f13be094ac3 <unknown>

	at com.example.TesiIntegrazioneProgettoEsterno.Test_Katalon.setUp(Test_Katalon.java:44)

test_loc_Katalon_release_1_1(com.example.TesiIntegrazioneProgettoEsterno.Test_Katalon)  Time elapsed: 0.347 s  <<< ERROR!
java.lang.NullPointerException
	at com.example.TesiIntegrazioneProgettoEsterno.Test_Katalon.tearDown(Test_Katalon.java:124)

