-------------------------------------------------------------------------------
Test set: com.example.TesiIntegrazioneProgettoEsterno.Test_Abs
-------------------------------------------------------------------------------
Tests run: 2, Failures: 0, Errors: 2, Skipped: 0, Time elapsed: 0.392 s <<< FAILURE! - in com.example.TesiIntegrazioneProgettoEsterno.Test_Abs
test_loc_Abs_release_1_1(com.example.TesiIntegrazioneProgettoEsterno.Test_Abs)  Time elapsed: 0.391 s  <<< ERROR!
org.openqa.selenium.SessionNotCreatedException: 
session not created: This version of ChromeDriver only supports Chrome version 114
Current browser version is 123.0.6312.105 with binary path /usr/bin/google-chrome
Build info: version: '4.0.0-alpha-3', revision: '8c567de6dc'
System info: host: 'fv-az711-63', ip: '10.1.0.222', os.name: 'Linux', os.arch: 'amd64', os.version: '6.5.0-1017-azure', java.version: '11.0.22'
Driver info: driver.version: ChromeDriver
remote stacktrace: #0 0x55614beb34e3 <unknown>
#1 0x55614bbe2c76 <unknown>
#2 0x55614bc1004a <unknown>
#3 0x55614bc0b4a1 <unknown>
#4 0x55614bc08029 <unknown>
#5 0x55614bc46ccc <unknown>
#6 0x55614bc4647f <unknown>
#7 0x55614bc3dde3 <unknown>
#8 0x55614bc132dd <unknown>
#9 0x55614bc1434e <unknown>
#10 0x55614be733e4 <unknown>
#11 0x55614be773d7 <unknown>
#12 0x55614be81b20 <unknown>
#13 0x55614be78023 <unknown>
#14 0x55614be461aa <unknown>
#15 0x55614be9c6b8 <unknown>
#16 0x55614be9c847 <unknown>
#17 0x55614beac243 <unknown>
#18 0x7f7faca94ac3 <unknown>

	at com.example.TesiIntegrazioneProgettoEsterno.Test_Abs.setUp(Test_Abs.java:46)

test_loc_Abs_release_1_1(com.example.TesiIntegrazioneProgettoEsterno.Test_Abs)  Time elapsed: 0.391 s  <<< ERROR!
java.lang.NullPointerException
	at com.example.TesiIntegrazioneProgettoEsterno.Test_Abs.tearDown(Test_Abs.java:123)

