-------------------------------------------------------------------------------
Test set: com.example.TesiIntegrazioneProgettoEsterno.Test_Robula
-------------------------------------------------------------------------------
Tests run: 1, Failures: 0, Errors: 1, Skipped: 0, Time elapsed: 41.004 s <<< FAILURE! - in com.example.TesiIntegrazioneProgettoEsterno.Test_Robula
test_loc_Robula_release_1_1(com.example.TesiIntegrazioneProgettoEsterno.Test_Robula)  Time elapsed: 41.004 s  <<< ERROR!
org.openqa.selenium.ElementNotInteractableException: 
element not interactable
  (Session info: headless chrome=110.0.5481.100)
Build info: version: '4.0.0-alpha-3', revision: '8c567de6dc'
System info: host: 'fv-az444-718', ip: '10.1.0.135', os.name: 'Linux', os.arch: 'amd64', os.version: '5.15.0-1033-azure', java.version: '11.0.18'
Driver info: org.openqa.selenium.chrome.ChromeDriver
Capabilities {acceptInsecureCerts: false, browserName: chrome, browserVersion: 110.0.5481.100, chrome: {chromedriverVersion: 110.0.5481.77 (65ed616c6e8e..., userDataDir: /tmp/.com.google.Chrome.y5nojX}, goog:chromeOptions: {debuggerAddress: localhost:42943}, javascriptEnabled: true, networkConnectionEnabled: false, pageLoadStrategy: normal, platform: LINUX, platformName: LINUX, proxy: Proxy(), setWindowRect: true, strictFileInteractability: false, timeouts: {implicit: 0, pageLoad: 300000, script: 30000}, unhandledPromptBehavior: dismiss and notify, webauthn:extension:credBlob: true, webauthn:extension:largeBlob: true, webauthn:virtualAuthenticators: true}
Session ID: f60555c3bd5a9ef34a7f0441f4387be3
	at com.example.TesiIntegrazioneProgettoEsterno.Test_Robula.test_loc_Robula_release_1_1(Test_Robula.java:115)

