-------------------------------------------------------------------------------
Test set: com.example.TesiIntegrazioneProgettoEsterno.Test_Katalon
-------------------------------------------------------------------------------
Tests run: 1, Failures: 0, Errors: 1, Skipped: 0, Time elapsed: 34.979 s <<< FAILURE! - in com.example.TesiIntegrazioneProgettoEsterno.Test_Katalon
test_loc_Katalon_release_1_1(com.example.TesiIntegrazioneProgettoEsterno.Test_Katalon)  Time elapsed: 34.792 s  <<< ERROR!
org.openqa.selenium.NoSuchElementException: 
no such element: Unable to locate element: {"method":"xpath","selector":"//input[@id='login-username']"}
  (Session info: headless chrome=110.0.5481.100)
For documentation on this error, please visit: https://www.seleniumhq.org/exceptions/no_such_element.html
Build info: version: '4.0.0-alpha-3', revision: '8c567de6dc'
System info: host: 'fv-az221-55', ip: '10.1.0.50', os.name: 'Linux', os.arch: 'amd64', os.version: '5.15.0-1033-azure', java.version: '11.0.18'
Driver info: org.openqa.selenium.chrome.ChromeDriver
Capabilities {acceptInsecureCerts: false, browserName: chrome, browserVersion: 110.0.5481.100, chrome: {chromedriverVersion: 110.0.5481.77 (65ed616c6e8e..., userDataDir: /tmp/.com.google.Chrome.t7wEu9}, goog:chromeOptions: {debuggerAddress: localhost:44245}, javascriptEnabled: true, networkConnectionEnabled: false, pageLoadStrategy: normal, platform: LINUX, platformName: LINUX, proxy: Proxy(), setWindowRect: true, strictFileInteractability: false, timeouts: {implicit: 0, pageLoad: 300000, script: 30000}, unhandledPromptBehavior: dismiss and notify, webauthn:extension:credBlob: true, webauthn:extension:largeBlob: true, webauthn:virtualAuthenticators: true}
Session ID: bd328af8d464512120fd6c8164f994cb
*** Element info: {Using=xpath, value=//input[@id='login-username']}
	at com.example.TesiIntegrazioneProgettoEsterno.Test_Katalon.test_loc_Katalon_release_1_1(Test_Katalon.java:55)

